<?xml version="1.0" encoding="UTF-8"?>
<!-- Generated by org.testng.reporters.JUnitReportReporter -->
<testsuite skipped="0" hostname="DESKTOP-MKO7866" name="com.app.runners.CukesRunner" tests="5" failures="0" timestamp="16 Apr 2018 19:40:20 GMT" time="149.796" errors="0">
  <testcase name="runScenario" time="25.021" classname="com.app.runners.CukesRunner"/>
  <testcase name="runScenario" time="25.774" classname="com.app.runners.CukesRunner"/>
  <testcase name="runScenario" time="29.912" classname="com.app.runners.CukesRunner"/>
  <testcase name="runScenario" time="34.463" classname="com.app.runners.CukesRunner"/>
  <testcase name="runScenario" time="34.626" classname="com.app.runners.CukesRunner"/>
</testsuite> <!-- com.app.runners.CukesRunner -->
