<?xml version="1.0" encoding="UTF-8"?>
<!-- Generated by org.testng.reporters.JUnitReportReporter -->
<testsuite skipped="0" hostname="DESKTOP-MKO7866" name="com.app.runners.CukesRunner" tests="4" failures="0" timestamp="07 Apr 2018 15:53:01 GMT" time="43.246" errors="0">
  <testcase name="runScenario" time="9.572" classname="com.app.runners.CukesRunner"/>
  <testcase name="runScenario" time="9.658" classname="com.app.runners.CukesRunner"/>
  <testcase name="runScenario" time="10.011" classname="com.app.runners.CukesRunner"/>
  <testcase name="runScenario" time="14.005" classname="com.app.runners.CukesRunner"/>
</testsuite> <!-- com.app.runners.CukesRunner -->
