<?xml version="1.0" encoding="UTF-8"?>
<!-- Generated by org.testng.reporters.JUnitReportReporter -->
<testsuite skipped="0" hostname="DESKTOP-MKO7866" name="com.app.runners.SmokeTestRunner" tests="3" failures="0" timestamp="16 Apr 2018 22:06:13 GMT" time="161.499" errors="0">
  <testcase name="runScenario" time="10.025" classname="com.app.runners.SmokeTestRunner"/>
  <testcase name="runScenario" time="68.759" classname="com.app.runners.SmokeTestRunner"/>
  <testcase name="runScenario" time="82.715" classname="com.app.runners.SmokeTestRunner"/>
</testsuite> <!-- com.app.runners.SmokeTestRunner -->
