<?xml version="1.0" encoding="UTF-8"?>
<!-- Generated by org.testng.reporters.JUnitReportReporter -->
<testsuite skipped="0" hostname="DESKTOP-MKO7866" name="com.app.runners.SmokeTestRunner" tests="3" failures="0" timestamp="09 Apr 2018 21:22:36 GMT" time="150.181" errors="0">
  <testcase name="runScenario" time="77.526" classname="com.app.runners.SmokeTestRunner"/>
  <testcase name="runScenario" time="60.459" classname="com.app.runners.SmokeTestRunner"/>
  <testcase name="runScenario" time="12.196" classname="com.app.runners.SmokeTestRunner"/>
</testsuite> <!-- com.app.runners.SmokeTestRunner -->
