<?xml version="1.0" encoding="UTF-8"?>
<!-- Generated by org.testng.reporters.JUnitReportReporter -->
<testsuite skipped="0" hostname="DESKTOP-MKO7866" name="com.app.runners.CukesRunner" tests="3" failures="0" timestamp="04 Apr 2018 13:16:30 GMT" time="137.254" errors="0">
  <testcase name="runScenario" time="71.688" classname="com.app.runners.CukesRunner"/>
  <testcase name="runScenario" time="56.982" classname="com.app.runners.CukesRunner"/>
  <testcase name="runScenario" time="8.584" classname="com.app.runners.CukesRunner"/>
</testsuite> <!-- com.app.runners.CukesRunner -->
