<?xml version="1.0" encoding="UTF-8"?>
<!-- Generated by org.testng.reporters.JUnitReportReporter -->
<testsuite skipped="0" hostname="Husnas-MacBook-Air.local" name="com.app.runners.CukesRunner" tests="2" failures="0" timestamp="16 Apr 2018 23:35:50 GMT" time="244.396" errors="0">
  <testcase name="runScenario" time="118.535" classname="com.app.runners.CukesRunner"/>
  <testcase name="runScenario" time="125.861" classname="com.app.runners.CukesRunner"/>
</testsuite> <!-- com.app.runners.CukesRunner -->
