<?xml version="1.0" encoding="UTF-8"?>
<!-- Generated by org.testng.reporters.JUnitReportReporter -->
<testsuite skipped="0" hostname="DESKTOP-MKO7866" name="com.app.runners.SmokeTestRunner" tests="3" failures="0" timestamp="16 Apr 2018 19:34:42 GMT" time="156.022" errors="0">
  <testcase name="runScenario" time="80.747" classname="com.app.runners.SmokeTestRunner"/>
  <testcase name="runScenario" time="8.912" classname="com.app.runners.SmokeTestRunner"/>
  <testcase name="runScenario" time="66.363" classname="com.app.runners.SmokeTestRunner"/>
</testsuite> <!-- com.app.runners.SmokeTestRunner -->
